{"contracts/FileShare.sol":{"l":{"13":23,"17":17,"21":24,"25":22,"29":20,"33":18,"37":16,"41":12,"45":10,"49":8,"53":5,"57":5,"61":2,"79":16,"80":16,"84":1,"93":1,"99":1,"100":1,"103":2,"114":2,"126":1,"130":8,"131":8,"132":6,"133":8,"141":1,"151":1,"152":1,"159":1,"169":1},"path":"/Volumes/Data/Projects/Unlock-dApp/contracts/FileShare.sol","s":{"1":23,"2":24,"3":22,"4":20,"5":18,"6":12,"7":8,"8":5,"9":16,"10":16,"11":1,"12":1,"13":1,"14":1,"15":2,"16":2,"17":1,"18":8,"19":8,"20":6,"21":8,"22":1,"23":1,"24":1,"25":1,"26":1},"b":{"1":[17,6],"2":[22,2],"3":[20,2],"4":[18,2],"5":[16,2],"6":[10,2],"7":[5,3],"8":[2,3],"9":[6,2]},"f":{"1":23,"2":24,"3":12,"4":8,"5":5,"6":16,"7":1,"8":1,"9":8,"10":1,"11":1},"fnMap":{"1":{"name":"doesIndexExist","line":12,"loc":{"start":{"line":12,"column":4},"end":{"line":12,"column":38}}},"2":{"name":"required","line":20,"loc":{"start":{"line":20,"column":4},"end":{"line":20,"column":106}}},"3":{"name":"donateRules","line":40,"loc":{"start":{"line":40,"column":4},"end":{"line":40,"column":35}}},"4":{"name":"withdrawRules","line":48,"loc":{"start":{"line":48,"column":4},"end":{"line":48,"column":37}}},"5":{"name":"isFileOwner","line":56,"loc":{"start":{"line":56,"column":4},"end":{"line":56,"column":35}}},"6":{"name":"storeFile","line":64,"loc":{"start":{"line":64,"column":4},"end":{"line":78,"column":5}}},"7":{"name":"getFileInfo","line":83,"loc":{"start":{"line":83,"column":4},"end":{"line":83,"column":93}}},"8":{"name":"getAllFilesInfo","line":98,"loc":{"start":{"line":98,"column":4},"end":{"line":98,"column":71}}},"9":{"name":"donate","line":129,"loc":{"start":{"line":129,"column":4},"end":{"line":129,"column":102}}},"10":{"name":"withdraw","line":136,"loc":{"start":{"line":136,"column":4},"end":{"line":140,"column":19}}},"11":{"name":"getAvailableFunds","line":154,"loc":{"start":{"line":154,"column":4},"end":{"line":158,"column":20}}}},"statementMap":{"1":{"start":{"line":13,"column":8},"end":{"line":13,"column":315}},"2":{"start":{"line":21,"column":8},"end":{"line":21,"column":573}},"3":{"start":{"line":25,"column":8},"end":{"line":25,"column":685}},"4":{"start":{"line":29,"column":8},"end":{"line":29,"column":796}},"5":{"start":{"line":33,"column":8},"end":{"line":33,"column":919}},"6":{"start":{"line":41,"column":8},"end":{"line":41,"column":1100}},"7":{"start":{"line":49,"column":8},"end":{"line":49,"column":1273}},"8":{"start":{"line":57,"column":8},"end":{"line":57,"column":1460}},"9":{"start":{"line":79,"column":8},"end":{"line":79,"column":117}},"10":{"start":{"line":80,"column":8},"end":{"line":80,"column":29}},"11":{"start":{"line":84,"column":8},"end":{"line":84,"column":2217}},"12":{"start":{"line":93,"column":8},"end":{"line":93,"column":2441}},"13":{"start":{"line":99,"column":8},"end":{"line":99,"column":20}},"14":{"start":{"line":100,"column":8},"end":{"line":100,"column":2725}},"15":{"start":{"line":103,"column":12},"end":{"line":103,"column":2933}},"16":{"start":{"line":114,"column":12},"end":{"line":114,"column":3210}},"17":{"start":{"line":126,"column":8},"end":{"line":126,"column":55}},"18":{"start":{"line":130,"column":8},"end":{"line":130,"column":97}},"19":{"start":{"line":131,"column":8},"end":{"line":131,"column":3880}},"20":{"start":{"line":132,"column":12},"end":{"line":132,"column":45}},"21":{"start":{"line":133,"column":8},"end":{"line":133,"column":22}},"22":{"start":{"line":141,"column":8},"end":{"line":141,"column":4137}},"23":{"start":{"line":151,"column":8},"end":{"line":151,"column":35}},"24":{"start":{"line":152,"column":8},"end":{"line":152,"column":62}},"25":{"start":{"line":159,"column":8},"end":{"line":159,"column":4585}},"26":{"start":{"line":169,"column":8},"end":{"line":169,"column":22}}},"branchMap":{"1":{"line":13,"type":"if","locations":[{"start":{"line":13,"column":8},"end":{"line":13,"column":8}},{"start":{"line":13,"column":8},"end":{"line":13,"column":8}}]},"2":{"line":21,"type":"if","locations":[{"start":{"line":21,"column":8},"end":{"line":21,"column":8}},{"start":{"line":21,"column":8},"end":{"line":21,"column":8}}]},"3":{"line":25,"type":"if","locations":[{"start":{"line":25,"column":8},"end":{"line":25,"column":8}},{"start":{"line":25,"column":8},"end":{"line":25,"column":8}}]},"4":{"line":29,"type":"if","locations":[{"start":{"line":29,"column":8},"end":{"line":29,"column":8}},{"start":{"line":29,"column":8},"end":{"line":29,"column":8}}]},"5":{"line":33,"type":"if","locations":[{"start":{"line":33,"column":8},"end":{"line":33,"column":8}},{"start":{"line":33,"column":8},"end":{"line":33,"column":8}}]},"6":{"line":41,"type":"if","locations":[{"start":{"line":41,"column":8},"end":{"line":41,"column":8}},{"start":{"line":41,"column":8},"end":{"line":41,"column":8}}]},"7":{"line":49,"type":"if","locations":[{"start":{"line":49,"column":8},"end":{"line":49,"column":8}},{"start":{"line":49,"column":8},"end":{"line":49,"column":8}}]},"8":{"line":57,"type":"if","locations":[{"start":{"line":57,"column":8},"end":{"line":57,"column":8}},{"start":{"line":57,"column":8},"end":{"line":57,"column":8}}]},"9":{"line":131,"type":"if","locations":[{"start":{"line":131,"column":8},"end":{"line":131,"column":8}},{"start":{"line":131,"column":8},"end":{"line":131,"column":8}}]}}},"contracts/IterableMapping.sol":{"l":{"32":16,"34":16,"35":16,"36":16,"37":16,"38":16,"39":16,"40":16,"42":16,"43":16,"44":16,"46":16,"50":8,"51":8,"52":6,"54":8,"58":1,"59":1,"63":23,"67":5,"71":8,"75":1,"79":3,"83":3,"84":3,"85":3,"102":5,"103":5,"104":5,"105":5,"106":5,"107":5,"108":5,"109":5,"110":5},"path":"/Volumes/Data/Projects/Unlock-dApp/contracts/IterableMapping.sol","s":{"1":16,"2":16,"3":16,"4":16,"5":16,"6":16,"7":16,"8":16,"9":16,"10":16,"11":8,"12":8,"13":6,"14":8,"15":1,"16":1,"17":23,"18":5,"19":8,"20":1,"21":3,"22":3,"23":3,"24":3,"25":5,"26":5,"27":5,"28":5,"29":5,"30":5,"31":5,"32":5,"33":5},"b":{"1":[15,1],"2":[6,2]},"f":{"1":16,"2":8,"3":1,"4":23,"5":5,"6":8,"7":1,"8":3,"9":3,"10":5},"fnMap":{"1":{"name":"insert","line":24,"loc":{"start":{"line":24,"column":4},"end":{"line":31,"column":31}}},"2":{"name":"donate","line":49,"loc":{"start":{"line":49,"column":4},"end":{"line":49,"column":91}}},"3":{"name":"resetDonated","line":57,"loc":{"start":{"line":57,"column":4},"end":{"line":57,"column":78}}},"4":{"name":"contains","line":62,"loc":{"start":{"line":62,"column":4},"end":{"line":62,"column":77}}},"5":{"name":"isFileOwner","line":66,"loc":{"start":{"line":66,"column":4},"end":{"line":66,"column":102}}},"6":{"name":"hasFunds","line":70,"loc":{"start":{"line":70,"column":4},"end":{"line":70,"column":79}}},"7":{"name":"firstIndex","line":74,"loc":{"start":{"line":74,"column":4},"end":{"line":74,"column":78}}},"8":{"name":"isValid","line":78,"loc":{"start":{"line":78,"column":4},"end":{"line":78,"column":81}}},"9":{"name":"nextIndex","line":82,"loc":{"start":{"line":82,"column":4},"end":{"line":82,"column":83}}},"10":{"name":"get","line":88,"loc":{"start":{"line":88,"column":4},"end":{"line":101,"column":7}}}},"statementMap":{"1":{"start":{"line":32,"column":8},"end":{"line":32,"column":46}},"2":{"start":{"line":35,"column":8},"end":{"line":35,"column":40}},"3":{"start":{"line":36,"column":8},"end":{"line":36,"column":48}},"4":{"start":{"line":37,"column":8},"end":{"line":37,"column":42}},"5":{"start":{"line":38,"column":8},"end":{"line":38,"column":54}},"6":{"start":{"line":39,"column":8},"end":{"line":39,"column":54}},"7":{"start":{"line":40,"column":8},"end":{"line":40,"column":57}},"8":{"start":{"line":43,"column":8},"end":{"line":43,"column":48}},"9":{"start":{"line":44,"column":8},"end":{"line":44,"column":43}},"10":{"start":{"line":46,"column":8},"end":{"line":46,"column":44}},"11":{"start":{"line":50,"column":8},"end":{"line":50,"column":82}},"12":{"start":{"line":51,"column":8},"end":{"line":51,"column":1499}},"13":{"start":{"line":52,"column":12},"end":{"line":52,"column":49}},"14":{"start":{"line":54,"column":8},"end":{"line":54,"column":75}},"15":{"start":{"line":58,"column":8},"end":{"line":58,"column":36}},"16":{"start":{"line":59,"column":8},"end":{"line":59,"column":19}},"17":{"start":{"line":63,"column":8},"end":{"line":63,"column":42}},"18":{"start":{"line":67,"column":8},"end":{"line":67,"column":58}},"19":{"start":{"line":71,"column":8},"end":{"line":71,"column":91}},"20":{"start":{"line":75,"column":8},"end":{"line":75,"column":39}},"21":{"start":{"line":79,"column":8},"end":{"line":79,"column":42}},"22":{"start":{"line":83,"column":8},"end":{"line":83,"column":38}},"23":{"start":{"line":84,"column":8},"end":{"line":84,"column":91}},"24":{"start":{"line":85,"column":8},"end":{"line":85,"column":25}},"25":{"start":{"line":102,"column":8},"end":{"line":102,"column":36}},"26":{"start":{"line":103,"column":8},"end":{"line":103,"column":33}},"27":{"start":{"line":104,"column":8},"end":{"line":104,"column":41}},"28":{"start":{"line":105,"column":8},"end":{"line":105,"column":35}},"29":{"start":{"line":106,"column":8},"end":{"line":106,"column":47}},"30":{"start":{"line":107,"column":8},"end":{"line":107,"column":47}},"31":{"start":{"line":108,"column":8},"end":{"line":108,"column":39}},"32":{"start":{"line":109,"column":8},"end":{"line":109,"column":47}},"33":{"start":{"line":110,"column":8},"end":{"line":110,"column":51}}},"branchMap":{"1":{"line":32,"type":"if","locations":[{"start":{"line":32,"column":8},"end":{"line":32,"column":8}},{"start":{"line":32,"column":8},"end":{"line":32,"column":8}}]},"2":{"line":51,"type":"if","locations":[{"start":{"line":51,"column":8},"end":{"line":51,"column":8}},{"start":{"line":51,"column":8},"end":{"line":51,"column":8}}]}}},"contracts/SafeMath.sol":{"l":{"27":8,"28":8,"30":8},"path":"/Volumes/Data/Projects/Unlock-dApp/contracts/SafeMath.sol","s":{"1":8,"2":8,"3":8},"b":{"1":[8,0]},"f":{"1":8},"fnMap":{"1":{"name":"add","line":26,"loc":{"start":{"line":26,"column":4},"end":{"line":26,"column":68}}}},"statementMap":{"1":{"start":{"line":27,"column":8},"end":{"line":27,"column":25}},"2":{"start":{"line":28,"column":8},"end":{"line":28,"column":53}},"3":{"start":{"line":30,"column":8},"end":{"line":30,"column":16}}},"branchMap":{"1":{"line":28,"type":"if","locations":[{"start":{"line":28,"column":8},"end":{"line":28,"column":8}},{"start":{"line":28,"column":8},"end":{"line":28,"column":8}}]}}},"contracts/Utils.sol":{"l":{"14":3,"26":12,"27":3,"29":9,"30":9,"31":9,"32":42,"33":42,"35":9,"36":9,"37":9,"39":9,"40":42,"41":42,"43":9},"path":"/Volumes/Data/Projects/Unlock-dApp/contracts/Utils.sol","s":{"1":3,"2":12,"3":3,"4":9,"5":9,"6":9,"7":42,"8":9,"9":9,"10":9,"11":9,"12":42,"13":42,"14":9},"b":{"1":[3,9]},"f":{"1":3,"2":12},"fnMap":{"1":{"name":"getFileObject","line":5,"loc":{"start":{"line":5,"column":4},"end":{"line":13,"column":52}}},"2":{"name":"toString","line":25,"loc":{"start":{"line":25,"column":4},"end":{"line":25,"column":80}}}},"statementMap":{"1":{"start":{"line":14,"column":8},"end":{"line":14,"column":337}},"2":{"start":{"line":26,"column":8},"end":{"line":26,"column":910}},"3":{"start":{"line":27,"column":12},"end":{"line":27,"column":22}},"4":{"start":{"line":29,"column":8},"end":{"line":29,"column":19}},"5":{"start":{"line":30,"column":8},"end":{"line":30,"column":16}},"6":{"start":{"line":31,"column":8},"end":{"line":31,"column":1006}},"7":{"start":{"line":33,"column":12},"end":{"line":33,"column":18}},"8":{"start":{"line":35,"column":8},"end":{"line":35,"column":42}},"9":{"start":{"line":36,"column":8},"end":{"line":36,"column":24}},"10":{"start":{"line":37,"column":8},"end":{"line":37,"column":13}},"11":{"start":{"line":39,"column":8},"end":{"line":39,"column":1168}},"12":{"start":{"line":40,"column":12},"end":{"line":40,"column":47}},"13":{"start":{"line":41,"column":12},"end":{"line":41,"column":18}},"14":{"start":{"line":43,"column":8},"end":{"line":43,"column":27}}},"branchMap":{"1":{"line":26,"type":"if","locations":[{"start":{"line":26,"column":8},"end":{"line":26,"column":8}},{"start":{"line":26,"column":8},"end":{"line":26,"column":8}}]}}}}