{"contracts/FileShare.sol":{"l":{"11":23,"15":17,"19":24,"23":22,"27":20,"31":18,"35":16,"39":12,"43":10,"47":8,"51":5,"55":5,"59":2,"77":16,"78":16,"82":1,"91":1,"99":1,"100":1,"103":2,"114":2,"125":1,"129":8,"137":1,"147":1,"148":1,"155":1,"165":1},"path":"/Volumes/Data/Projects/Unlock-dApp/contracts/FileShare.sol","s":{"1":23,"2":24,"3":22,"4":20,"5":18,"6":12,"7":8,"8":5,"9":16,"10":16,"11":1,"12":1,"13":1,"14":1,"15":2,"16":2,"17":1,"18":8,"19":1,"20":1,"21":1,"22":1,"23":1},"b":{"1":[17,6],"2":[22,2],"3":[20,2],"4":[18,2],"5":[16,2],"6":[10,2],"7":[5,3],"8":[2,3]},"f":{"1":23,"2":24,"3":12,"4":8,"5":5,"6":16,"7":1,"8":1,"9":8,"10":1,"11":1},"fnMap":{"1":{"name":"doesIndexExist","line":10,"loc":{"start":{"line":10,"column":4},"end":{"line":10,"column":38}}},"2":{"name":"required","line":18,"loc":{"start":{"line":18,"column":4},"end":{"line":18,"column":106}}},"3":{"name":"donateRules","line":38,"loc":{"start":{"line":38,"column":4},"end":{"line":38,"column":35}}},"4":{"name":"withdrawRules","line":46,"loc":{"start":{"line":46,"column":4},"end":{"line":46,"column":37}}},"5":{"name":"isFileOwner","line":54,"loc":{"start":{"line":54,"column":4},"end":{"line":54,"column":35}}},"6":{"name":"storeFile","line":62,"loc":{"start":{"line":62,"column":4},"end":{"line":76,"column":5}}},"7":{"name":"getFileInfo","line":81,"loc":{"start":{"line":81,"column":4},"end":{"line":81,"column":93}}},"8":{"name":"getAllFilesInfo","line":98,"loc":{"start":{"line":98,"column":4},"end":{"line":98,"column":71}}},"9":{"name":"donate","line":128,"loc":{"start":{"line":128,"column":4},"end":{"line":128,"column":102}}},"10":{"name":"withdraw","line":132,"loc":{"start":{"line":132,"column":4},"end":{"line":136,"column":19}}},"11":{"name":"getAvailableFunds","line":150,"loc":{"start":{"line":150,"column":4},"end":{"line":154,"column":20}}}},"statementMap":{"1":{"start":{"line":11,"column":8},"end":{"line":11,"column":231}},"2":{"start":{"line":19,"column":8},"end":{"line":19,"column":489}},"3":{"start":{"line":23,"column":8},"end":{"line":23,"column":601}},"4":{"start":{"line":27,"column":8},"end":{"line":27,"column":712}},"5":{"start":{"line":31,"column":8},"end":{"line":31,"column":835}},"6":{"start":{"line":39,"column":8},"end":{"line":39,"column":1016}},"7":{"start":{"line":47,"column":8},"end":{"line":47,"column":1189}},"8":{"start":{"line":55,"column":8},"end":{"line":55,"column":1376}},"9":{"start":{"line":77,"column":8},"end":{"line":77,"column":92}},"10":{"start":{"line":78,"column":8},"end":{"line":78,"column":29}},"11":{"start":{"line":82,"column":8},"end":{"line":82,"column":2109}},"12":{"start":{"line":91,"column":8},"end":{"line":91,"column":2334}},"13":{"start":{"line":99,"column":8},"end":{"line":99,"column":21}},"14":{"start":{"line":100,"column":8},"end":{"line":100,"column":2683}},"15":{"start":{"line":103,"column":12},"end":{"line":103,"column":2891}},"16":{"start":{"line":114,"column":12},"end":{"line":114,"column":3168}},"17":{"start":{"line":125,"column":8},"end":{"line":125,"column":56}},"18":{"start":{"line":129,"column":8},"end":{"line":129,"column":67}},"19":{"start":{"line":137,"column":8},"end":{"line":137,"column":3988}},"20":{"start":{"line":147,"column":8},"end":{"line":147,"column":35}},"21":{"start":{"line":148,"column":8},"end":{"line":148,"column":62}},"22":{"start":{"line":155,"column":8},"end":{"line":155,"column":4436}},"23":{"start":{"line":165,"column":8},"end":{"line":165,"column":22}}},"branchMap":{"1":{"line":11,"type":"if","locations":[{"start":{"line":11,"column":8},"end":{"line":11,"column":8}},{"start":{"line":11,"column":8},"end":{"line":11,"column":8}}]},"2":{"line":19,"type":"if","locations":[{"start":{"line":19,"column":8},"end":{"line":19,"column":8}},{"start":{"line":19,"column":8},"end":{"line":19,"column":8}}]},"3":{"line":23,"type":"if","locations":[{"start":{"line":23,"column":8},"end":{"line":23,"column":8}},{"start":{"line":23,"column":8},"end":{"line":23,"column":8}}]},"4":{"line":27,"type":"if","locations":[{"start":{"line":27,"column":8},"end":{"line":27,"column":8}},{"start":{"line":27,"column":8},"end":{"line":27,"column":8}}]},"5":{"line":31,"type":"if","locations":[{"start":{"line":31,"column":8},"end":{"line":31,"column":8}},{"start":{"line":31,"column":8},"end":{"line":31,"column":8}}]},"6":{"line":39,"type":"if","locations":[{"start":{"line":39,"column":8},"end":{"line":39,"column":8}},{"start":{"line":39,"column":8},"end":{"line":39,"column":8}}]},"7":{"line":47,"type":"if","locations":[{"start":{"line":47,"column":8},"end":{"line":47,"column":8}},{"start":{"line":47,"column":8},"end":{"line":47,"column":8}}]},"8":{"line":55,"type":"if","locations":[{"start":{"line":55,"column":8},"end":{"line":55,"column":8}},{"start":{"line":55,"column":8},"end":{"line":55,"column":8}}]}}},"contracts/IterableMapping.sol":{"l":{"31":16,"33":16,"34":16,"35":16,"36":16,"37":16,"38":16,"39":16,"41":16,"42":16,"43":16,"45":16,"49":8,"50":8,"51":6,"53":8,"57":1,"58":1,"62":23,"66":5,"70":8,"74":1,"78":3,"82":3,"83":3,"84":3,"101":5,"102":5,"103":5,"104":5,"105":5,"106":5,"107":5,"108":5,"109":5},"path":"/Volumes/Data/Projects/Unlock-dApp/contracts/IterableMapping.sol","s":{"1":16,"2":16,"3":16,"4":16,"5":16,"6":16,"7":16,"8":16,"9":16,"10":16,"11":8,"12":8,"13":6,"14":8,"15":1,"16":1,"17":23,"18":5,"19":8,"20":1,"21":3,"22":3,"23":3,"24":3,"25":5,"26":5,"27":5,"28":5,"29":5,"30":5,"31":5,"32":5,"33":5},"b":{"1":[15,1],"2":[6,2]},"f":{"1":16,"2":8,"3":1,"4":23,"5":5,"6":8,"7":1,"8":3,"9":3,"10":5},"fnMap":{"1":{"name":"insert","line":23,"loc":{"start":{"line":23,"column":4},"end":{"line":30,"column":31}}},"2":{"name":"donate","line":48,"loc":{"start":{"line":48,"column":4},"end":{"line":48,"column":85}}},"3":{"name":"resetDonated","line":56,"loc":{"start":{"line":56,"column":4},"end":{"line":56,"column":78}}},"4":{"name":"contains","line":61,"loc":{"start":{"line":61,"column":4},"end":{"line":61,"column":77}}},"5":{"name":"isFileOwner","line":65,"loc":{"start":{"line":65,"column":4},"end":{"line":65,"column":102}}},"6":{"name":"hasFunds","line":69,"loc":{"start":{"line":69,"column":4},"end":{"line":69,"column":79}}},"7":{"name":"firstIndex","line":73,"loc":{"start":{"line":73,"column":4},"end":{"line":73,"column":78}}},"8":{"name":"isValid","line":77,"loc":{"start":{"line":77,"column":4},"end":{"line":77,"column":81}}},"9":{"name":"nextIndex","line":81,"loc":{"start":{"line":81,"column":4},"end":{"line":81,"column":83}}},"10":{"name":"get","line":87,"loc":{"start":{"line":87,"column":4},"end":{"line":100,"column":7}}}},"statementMap":{"1":{"start":{"line":31,"column":8},"end":{"line":31,"column":46}},"2":{"start":{"line":34,"column":8},"end":{"line":34,"column":40}},"3":{"start":{"line":35,"column":8},"end":{"line":35,"column":48}},"4":{"start":{"line":36,"column":8},"end":{"line":36,"column":42}},"5":{"start":{"line":37,"column":8},"end":{"line":37,"column":54}},"6":{"start":{"line":38,"column":8},"end":{"line":38,"column":54}},"7":{"start":{"line":39,"column":8},"end":{"line":39,"column":57}},"8":{"start":{"line":42,"column":8},"end":{"line":42,"column":48}},"9":{"start":{"line":43,"column":8},"end":{"line":43,"column":43}},"10":{"start":{"line":45,"column":8},"end":{"line":45,"column":20}},"11":{"start":{"line":49,"column":8},"end":{"line":49,"column":70}},"12":{"start":{"line":50,"column":8},"end":{"line":50,"column":1432}},"13":{"start":{"line":51,"column":12},"end":{"line":51,"column":49}},"14":{"start":{"line":53,"column":8},"end":{"line":53,"column":40}},"15":{"start":{"line":57,"column":8},"end":{"line":57,"column":36}},"16":{"start":{"line":58,"column":8},"end":{"line":58,"column":19}},"17":{"start":{"line":62,"column":8},"end":{"line":62,"column":42}},"18":{"start":{"line":66,"column":8},"end":{"line":66,"column":58}},"19":{"start":{"line":70,"column":8},"end":{"line":70,"column":91}},"20":{"start":{"line":74,"column":8},"end":{"line":74,"column":39}},"21":{"start":{"line":78,"column":8},"end":{"line":78,"column":42}},"22":{"start":{"line":82,"column":8},"end":{"line":82,"column":38}},"23":{"start":{"line":83,"column":8},"end":{"line":83,"column":91}},"24":{"start":{"line":84,"column":8},"end":{"line":84,"column":25}},"25":{"start":{"line":101,"column":8},"end":{"line":101,"column":36}},"26":{"start":{"line":102,"column":8},"end":{"line":102,"column":33}},"27":{"start":{"line":103,"column":8},"end":{"line":103,"column":41}},"28":{"start":{"line":104,"column":8},"end":{"line":104,"column":35}},"29":{"start":{"line":105,"column":8},"end":{"line":105,"column":47}},"30":{"start":{"line":106,"column":8},"end":{"line":106,"column":47}},"31":{"start":{"line":107,"column":8},"end":{"line":107,"column":39}},"32":{"start":{"line":108,"column":8},"end":{"line":108,"column":47}},"33":{"start":{"line":109,"column":8},"end":{"line":109,"column":51}}},"branchMap":{"1":{"line":31,"type":"if","locations":[{"start":{"line":31,"column":8},"end":{"line":31,"column":8}},{"start":{"line":31,"column":8},"end":{"line":31,"column":8}}]},"2":{"line":50,"type":"if","locations":[{"start":{"line":50,"column":8},"end":{"line":50,"column":8}},{"start":{"line":50,"column":8},"end":{"line":50,"column":8}}]}}},"contracts/Utils.sol":{"l":{"13":3,"24":9,"25":3,"27":6,"28":6,"29":6,"30":39,"31":39,"33":6,"34":6,"35":6,"37":6,"38":39,"39":39,"41":6},"path":"/Volumes/Data/Projects/Unlock-dApp/contracts/Utils.sol","s":{"1":3,"2":9,"3":3,"4":6,"5":6,"6":6,"7":39,"8":6,"9":6,"10":6,"11":6,"12":39,"13":39,"14":6},"b":{"1":[3,6]},"f":{"1":3,"2":9},"fnMap":{"1":{"name":"getFileObject","line":5,"loc":{"start":{"line":5,"column":4},"end":{"line":12,"column":52}}},"2":{"name":"toString","line":23,"loc":{"start":{"line":23,"column":4},"end":{"line":23,"column":80}}}},"statementMap":{"1":{"start":{"line":13,"column":8},"end":{"line":13,"column":316}},"2":{"start":{"line":24,"column":8},"end":{"line":24,"column":809}},"3":{"start":{"line":25,"column":12},"end":{"line":25,"column":22}},"4":{"start":{"line":27,"column":8},"end":{"line":27,"column":19}},"5":{"start":{"line":28,"column":8},"end":{"line":28,"column":16}},"6":{"start":{"line":29,"column":8},"end":{"line":29,"column":905}},"7":{"start":{"line":31,"column":12},"end":{"line":31,"column":18}},"8":{"start":{"line":33,"column":8},"end":{"line":33,"column":42}},"9":{"start":{"line":34,"column":8},"end":{"line":34,"column":24}},"10":{"start":{"line":35,"column":8},"end":{"line":35,"column":13}},"11":{"start":{"line":37,"column":8},"end":{"line":37,"column":1067}},"12":{"start":{"line":38,"column":12},"end":{"line":38,"column":47}},"13":{"start":{"line":39,"column":12},"end":{"line":39,"column":18}},"14":{"start":{"line":41,"column":8},"end":{"line":41,"column":27}}},"branchMap":{"1":{"line":24,"type":"if","locations":[{"start":{"line":24,"column":8},"end":{"line":24,"column":8}},{"start":{"line":24,"column":8},"end":{"line":24,"column":8}}]}}}}